2018-03-14 17:40:03,263 INFO 3944 [egg:logger] init all loggers with options: {"dir":"/Users/libin/workspace/MySpace/wlb-blog/logs","encoding":"utf8","env":"local","level":"INFO","consoleLevel":"DEBUG","disableConsoleAfterReady":false,"outputJSON":false,"buffer":true,"appLogName":"egg-vue-webpack-spa-boilerplate-web.log","coreLogName":"egg-web.log","agentLogName":"egg-agent.log","errorLogName":"common-error.log","coreLogger":{"consoleLevel":"WARN"},"allowDebugAtProd":true,"type":"application"}
2018-03-14 17:40:03,336 INFO 3944 [egg-schedule]: register schedule /Users/libin/workspace/MySpace/wlb-blog/node_modules/egg-logrotator/app/schedule/clean_log.js
2018-03-14 17:40:03,336 INFO 3944 [egg-schedule]: register schedule /Users/libin/workspace/MySpace/wlb-blog/node_modules/egg-logrotator/app/schedule/rotate_by_file.js
2018-03-14 17:40:03,617 INFO 3944 [egg-static] starting static serve /public/ -> /Users/libin/workspace/MySpace/wlb-blog/public
2018-03-14 17:40:03,623 INFO 3944 [egg-security] use csrf middleware
2018-03-14 17:40:03,625 INFO 3944 [egg-security] use methodnoallow middleware
2018-03-14 17:40:03,629 INFO 3944 [egg-security] use noopen middleware
2018-03-14 17:40:03,630 INFO 3944 [egg-security] use nosniff middleware
2018-03-14 17:40:03,631 INFO 3944 [egg-security] use xssProtection middleware
2018-03-14 17:40:03,633 INFO 3944 [egg-security] use xframe middleware
2018-03-14 17:40:03,633 INFO 3944 [egg-security] use dta middleware
2018-03-14 17:40:03,633 INFO 3944 [egg-security] compose 7 middlewares into one security middleware
2018-03-14 17:40:03,834 INFO 3944 [egg-watcher:app] watcher start success
2018-03-14 17:40:03,266 INFO 3943 [egg:logger] init all loggers with options: {"dir":"/Users/libin/workspace/MySpace/wlb-blog/logs","encoding":"utf8","env":"local","level":"INFO","consoleLevel":"DEBUG","disableConsoleAfterReady":false,"outputJSON":false,"buffer":true,"appLogName":"egg-vue-webpack-spa-boilerplate-web.log","coreLogName":"egg-web.log","agentLogName":"egg-agent.log","errorLogName":"common-error.log","coreLogger":{"consoleLevel":"WARN"},"allowDebugAtProd":true,"type":"application"}
2018-03-14 17:40:03,351 INFO 3943 [egg-schedule]: register schedule /Users/libin/workspace/MySpace/wlb-blog/node_modules/egg-logrotator/app/schedule/clean_log.js
2018-03-14 17:40:03,351 INFO 3943 [egg-schedule]: register schedule /Users/libin/workspace/MySpace/wlb-blog/node_modules/egg-logrotator/app/schedule/rotate_by_file.js
2018-03-14 17:40:03,620 INFO 3943 [egg-static] starting static serve /public/ -> /Users/libin/workspace/MySpace/wlb-blog/public
2018-03-14 17:40:03,624 INFO 3943 [egg-security] use csrf middleware
2018-03-14 17:40:03,625 INFO 3943 [egg-security] use methodnoallow middleware
2018-03-14 17:40:03,631 INFO 3943 [egg-security] use noopen middleware
2018-03-14 17:40:03,632 INFO 3943 [egg-security] use nosniff middleware
2018-03-14 17:40:03,632 INFO 3943 [egg-security] use xssProtection middleware
2018-03-14 17:40:03,632 INFO 3943 [egg-security] use xframe middleware
2018-03-14 17:40:03,634 INFO 3943 [egg-security] use dta middleware
2018-03-14 17:40:03,634 INFO 3943 [egg-security] compose 7 middlewares into one security middleware
2018-03-14 17:40:03,825 INFO 3943 [egg-watcher:app] watcher start success
2018-03-14 17:40:03,280 INFO 3945 [egg:logger] init all loggers with options: {"dir":"/Users/libin/workspace/MySpace/wlb-blog/logs","encoding":"utf8","env":"local","level":"INFO","consoleLevel":"DEBUG","disableConsoleAfterReady":false,"outputJSON":false,"buffer":true,"appLogName":"egg-vue-webpack-spa-boilerplate-web.log","coreLogName":"egg-web.log","agentLogName":"egg-agent.log","errorLogName":"common-error.log","coreLogger":{"consoleLevel":"WARN"},"allowDebugAtProd":true,"type":"application"}
2018-03-14 17:40:03,352 INFO 3945 [egg-schedule]: register schedule /Users/libin/workspace/MySpace/wlb-blog/node_modules/egg-logrotator/app/schedule/clean_log.js
2018-03-14 17:40:03,352 INFO 3945 [egg-schedule]: register schedule /Users/libin/workspace/MySpace/wlb-blog/node_modules/egg-logrotator/app/schedule/rotate_by_file.js
2018-03-14 17:40:03,620 INFO 3945 [egg-static] starting static serve /public/ -> /Users/libin/workspace/MySpace/wlb-blog/public
2018-03-14 17:40:03,632 INFO 3945 [egg-security] use csrf middleware
2018-03-14 17:40:03,633 INFO 3945 [egg-security] use methodnoallow middleware
2018-03-14 17:40:03,634 INFO 3945 [egg-security] use noopen middleware
2018-03-14 17:40:03,635 INFO 3945 [egg-security] use nosniff middleware
2018-03-14 17:40:03,635 INFO 3945 [egg-security] use xssProtection middleware
2018-03-14 17:40:03,636 INFO 3945 [egg-security] use xframe middleware
2018-03-14 17:40:03,637 INFO 3945 [egg-security] use dta middleware
2018-03-14 17:40:03,637 INFO 3945 [egg-security] compose 7 middlewares into one security middleware
2018-03-14 17:40:03,823 INFO 3945 [egg-watcher:app] watcher start success
2018-03-14 17:40:03,294 INFO 3942 [egg:logger] init all loggers with options: {"dir":"/Users/libin/workspace/MySpace/wlb-blog/logs","encoding":"utf8","env":"local","level":"INFO","consoleLevel":"DEBUG","disableConsoleAfterReady":false,"outputJSON":false,"buffer":true,"appLogName":"egg-vue-webpack-spa-boilerplate-web.log","coreLogName":"egg-web.log","agentLogName":"egg-agent.log","errorLogName":"common-error.log","coreLogger":{"consoleLevel":"WARN"},"allowDebugAtProd":true,"type":"application"}
2018-03-14 17:40:03,380 INFO 3942 [egg-schedule]: register schedule /Users/libin/workspace/MySpace/wlb-blog/node_modules/egg-logrotator/app/schedule/clean_log.js
2018-03-14 17:40:03,380 INFO 3942 [egg-schedule]: register schedule /Users/libin/workspace/MySpace/wlb-blog/node_modules/egg-logrotator/app/schedule/rotate_by_file.js
2018-03-14 17:40:03,688 INFO 3942 [egg-static] starting static serve /public/ -> /Users/libin/workspace/MySpace/wlb-blog/public
2018-03-14 17:40:03,694 INFO 3942 [egg-security] use csrf middleware
2018-03-14 17:40:03,696 INFO 3942 [egg-security] use methodnoallow middleware
2018-03-14 17:40:03,696 INFO 3942 [egg-security] use noopen middleware
2018-03-14 17:40:03,697 INFO 3942 [egg-security] use nosniff middleware
2018-03-14 17:40:03,698 INFO 3942 [egg-security] use xssProtection middleware
2018-03-14 17:40:03,699 INFO 3942 [egg-security] use xframe middleware
2018-03-14 17:40:03,700 INFO 3942 [egg-security] use dta middleware
2018-03-14 17:40:03,700 INFO 3942 [egg-security] compose 7 middlewares into one security middleware
2018-03-14 17:40:03,859 INFO 3942 [egg-watcher:app] watcher start success
