2018-03-13 10:49:39,003 INFO 4856 [Timer] /Users/libin/workspace/MySpace/egg-vue-webpack-boilerplate/node_modules/egg-logrotator/app/schedule/clean_log.js next time will execute at 2018-03-14 00:00:00.000
2018-03-13 10:49:39,004 INFO 4856 [Timer] /Users/libin/workspace/MySpace/egg-vue-webpack-boilerplate/node_modules/egg-logrotator/app/schedule/rotate_by_file.js next time will execute at 2018-03-14 00:00:01.000
2018-03-13 10:51:39,595 INFO 4959 [Timer] /Users/libin/workspace/MySpace/bbbb/node_modules/egg-logrotator/app/schedule/clean_log.js next time will execute at 2018-03-14 00:00:00.000
2018-03-13 10:51:39,597 INFO 4959 [Timer] /Users/libin/workspace/MySpace/bbbb/node_modules/egg-logrotator/app/schedule/rotate_by_file.js next time will execute at 2018-03-14 00:00:01.000
2018-03-13 11:04:18,787 INFO 5206 [Timer] /Users/libin/workspace/MySpace/bbbb/node_modules/egg-logrotator/app/schedule/clean_log.js next time will execute at 2018-03-14 00:00:00.000
2018-03-13 11:04:18,789 INFO 5206 [Timer] /Users/libin/workspace/MySpace/bbbb/node_modules/egg-logrotator/app/schedule/rotate_by_file.js next time will execute at 2018-03-14 00:00:01.000
2018-03-13 11:05:40,553 INFO 5271 [Timer] /Users/libin/workspace/MySpace/bbbb/node_modules/egg-logrotator/app/schedule/clean_log.js next time will execute at 2018-03-14 00:00:00.000
2018-03-13 11:05:40,555 INFO 5271 [Timer] /Users/libin/workspace/MySpace/bbbb/node_modules/egg-logrotator/app/schedule/rotate_by_file.js next time will execute at 2018-03-14 00:00:01.000
2018-03-13 11:07:42,645 INFO 5347 [Timer] /Users/libin/workspace/MySpace/my-blog-project/node_modules/egg-logrotator/app/schedule/clean_log.js next time will execute at 2018-03-14 00:00:00.000
2018-03-13 11:07:42,646 INFO 5347 [Timer] /Users/libin/workspace/MySpace/my-blog-project/node_modules/egg-logrotator/app/schedule/rotate_by_file.js next time will execute at 2018-03-14 00:00:01.000
2018-03-13 11:22:08,615 INFO 5421 [Timer] /Users/libin/workspace/MySpace/my-blog-project/node_modules/egg-logrotator/app/schedule/clean_log.js next time will execute at 2018-03-14 00:00:00.000
2018-03-13 11:22:08,617 INFO 5421 [Timer] /Users/libin/workspace/MySpace/my-blog-project/node_modules/egg-logrotator/app/schedule/rotate_by_file.js next time will execute at 2018-03-14 00:00:01.000
2018-03-13 11:32:49,669 INFO 5490 [Timer] /Users/libin/workspace/MySpace/my-blog-project/node_modules/egg-logrotator/app/schedule/clean_log.js next time will execute at 2018-03-14 00:00:00.000
2018-03-13 11:32:49,673 INFO 5490 [Timer] /Users/libin/workspace/MySpace/my-blog-project/node_modules/egg-logrotator/app/schedule/rotate_by_file.js next time will execute at 2018-03-14 00:00:01.000
2018-03-13 11:51:37,932 INFO 5588 [Timer] /Users/libin/workspace/MySpace/my-blog-project/node_modules/egg-logrotator/app/schedule/clean_log.js next time will execute at 2018-03-14 00:00:00.000
2018-03-13 11:51:37,933 INFO 5588 [Timer] /Users/libin/workspace/MySpace/my-blog-project/node_modules/egg-logrotator/app/schedule/rotate_by_file.js next time will execute at 2018-03-14 00:00:01.000
2018-03-13 12:05:58,118 INFO 5734 [Timer] /Users/libin/workspace/MySpace/my-blog-project/node_modules/egg-logrotator/app/schedule/clean_log.js next time will execute at 2018-03-14 00:00:00.000
2018-03-13 12:05:58,119 INFO 5734 [Timer] /Users/libin/workspace/MySpace/my-blog-project/node_modules/egg-logrotator/app/schedule/rotate_by_file.js next time will execute at 2018-03-14 00:00:01.000
2018-03-13 12:08:57,416 INFO 5758 [Timer] /Users/libin/workspace/MySpace/my-blog-project/node_modules/egg-logrotator/app/schedule/clean_log.js next time will execute at 2018-03-14 00:00:00.000
2018-03-13 12:08:57,417 INFO 5758 [Timer] /Users/libin/workspace/MySpace/my-blog-project/node_modules/egg-logrotator/app/schedule/rotate_by_file.js next time will execute at 2018-03-14 00:00:01.000
2018-03-13 13:37:23,038 INFO 6047 [Timer] /Users/libin/workspace/MySpace/my-blog-project/node_modules/egg-logrotator/app/schedule/clean_log.js next time will execute at 2018-03-14 00:00:00.000
2018-03-13 13:37:23,040 INFO 6047 [Timer] /Users/libin/workspace/MySpace/my-blog-project/node_modules/egg-logrotator/app/schedule/rotate_by_file.js next time will execute at 2018-03-14 00:00:01.000
2018-03-13 16:34:59,189 INFO 14614 [Timer] /Users/libin/workspace/MySpace/my-blog-project/node_modules/egg-logrotator/app/schedule/clean_log.js next time will execute at 2018-03-14 00:00:00.000
2018-03-13 16:34:59,190 INFO 14614 [Timer] /Users/libin/workspace/MySpace/my-blog-project/node_modules/egg-logrotator/app/schedule/rotate_by_file.js next time will execute at 2018-03-14 00:00:01.000
2018-03-13 16:37:54,862 INFO 14645 [Timer] /Users/libin/workspace/MySpace/my-blog-project/node_modules/egg-logrotator/app/schedule/clean_log.js next time will execute at 2018-03-14 00:00:00.000
2018-03-13 16:37:54,865 INFO 14645 [Timer] /Users/libin/workspace/MySpace/my-blog-project/node_modules/egg-logrotator/app/schedule/rotate_by_file.js next time will execute at 2018-03-14 00:00:01.000
2018-03-13 16:39:52,017 INFO 14666 [Timer] /Users/libin/workspace/MySpace/my-blog-project/node_modules/egg-logrotator/app/schedule/clean_log.js next time will execute at 2018-03-14 00:00:00.000
2018-03-13 16:39:52,018 INFO 14666 [Timer] /Users/libin/workspace/MySpace/my-blog-project/node_modules/egg-logrotator/app/schedule/rotate_by_file.js next time will execute at 2018-03-14 00:00:01.000
2018-03-13 16:40:52,362 INFO 14683 [Timer] /Users/libin/workspace/MySpace/my-blog-project/node_modules/egg-logrotator/app/schedule/clean_log.js next time will execute at 2018-03-14 00:00:00.000
2018-03-13 16:40:52,363 INFO 14683 [Timer] /Users/libin/workspace/MySpace/my-blog-project/node_modules/egg-logrotator/app/schedule/rotate_by_file.js next time will execute at 2018-03-14 00:00:01.000
2018-03-13 16:42:09,386 INFO 14702 [Timer] /Users/libin/workspace/MySpace/my-blog-project/node_modules/egg-logrotator/app/schedule/clean_log.js next time will execute at 2018-03-14 00:00:00.000
2018-03-13 16:42:09,387 INFO 14702 [Timer] /Users/libin/workspace/MySpace/my-blog-project/node_modules/egg-logrotator/app/schedule/rotate_by_file.js next time will execute at 2018-03-14 00:00:01.000
2018-03-13 16:43:09,414 INFO 14730 [Timer] /Users/libin/workspace/MySpace/my-blog-project/node_modules/egg-logrotator/app/schedule/clean_log.js next time will execute at 2018-03-14 00:00:00.000
2018-03-13 16:43:09,415 INFO 14730 [Timer] /Users/libin/workspace/MySpace/my-blog-project/node_modules/egg-logrotator/app/schedule/rotate_by_file.js next time will execute at 2018-03-14 00:00:01.000
2018-03-13 16:44:08,042 INFO 14753 [Timer] /Users/libin/workspace/MySpace/my-blog-project/node_modules/egg-logrotator/app/schedule/clean_log.js next time will execute at 2018-03-14 00:00:00.000
2018-03-13 16:44:08,043 INFO 14753 [Timer] /Users/libin/workspace/MySpace/my-blog-project/node_modules/egg-logrotator/app/schedule/rotate_by_file.js next time will execute at 2018-03-14 00:00:01.000
2018-03-13 16:45:17,467 INFO 14784 [Timer] /Users/libin/workspace/MySpace/my-blog-project/node_modules/egg-logrotator/app/schedule/clean_log.js next time will execute at 2018-03-14 00:00:00.000
2018-03-13 16:45:17,468 INFO 14784 [Timer] /Users/libin/workspace/MySpace/my-blog-project/node_modules/egg-logrotator/app/schedule/rotate_by_file.js next time will execute at 2018-03-14 00:00:01.000
2018-03-13 19:46:50,546 INFO 16711 [Timer] /Users/libin/workspace/MySpace/my-blog-project/node_modules/egg-logrotator/app/schedule/clean_log.js next time will execute at 2018-03-14 00:00:00.000
2018-03-13 19:46:50,547 INFO 16711 [Timer] /Users/libin/workspace/MySpace/my-blog-project/node_modules/egg-logrotator/app/schedule/rotate_by_file.js next time will execute at 2018-03-14 00:00:01.000
2018-03-13 19:52:36,735 INFO 16834 [Timer] /Users/libin/workspace/MySpace/my-blog-project/node_modules/egg-logrotator/app/schedule/clean_log.js next time will execute at 2018-03-14 00:00:00.000
2018-03-13 19:52:36,738 INFO 16834 [Timer] /Users/libin/workspace/MySpace/my-blog-project/node_modules/egg-logrotator/app/schedule/rotate_by_file.js next time will execute at 2018-03-14 00:00:01.000
